<?xml version="1.0" encoding="UTF-8"?>
<testng-results ignored="1" total="2" passed="1" failed="0" skipped="0">
  <reporter-output>
  </reporter-output>
  <suite started-at="2020-04-09T20:15:49 EDT" name="Default suite" finished-at="2020-04-09T20:16:26 EDT" duration-ms="36906">
    <groups>
    </groups>
    <test started-at="2020-04-09T20:15:49 EDT" name="Default test" finished-at="2020-04-09T20:16:26 EDT" duration-ms="36906">
      <class name="tests.NewTest">
        <test-method is-config="true" signature="beforeTest()[pri:0, instance:tests.NewTest@78b1cc93]" started-at="2020-04-09T20:15:49 EDT" name="beforeTest" finished-at="2020-04-09T20:15:58 EDT" duration-ms="9779" status="PASS">
          <reporter-output>
          </reporter-output>
        </test-method> <!-- beforeTest -->
        <test-method is-config="true" signature="beforeClass()[pri:0, instance:tests.NewTest@78b1cc93]" started-at="2020-04-09T20:15:59 EDT" name="beforeClass" finished-at="2020-04-09T20:15:59 EDT" duration-ms="0" status="PASS">
          <reporter-output>
          </reporter-output>
        </test-method> <!-- beforeClass -->
        <test-method is-config="true" signature="beforeMethod()[pri:0, instance:tests.NewTest@78b1cc93]" started-at="2020-04-09T20:15:59 EDT" name="beforeMethod" finished-at="2020-04-09T20:15:59 EDT" duration-ms="1" status="PASS">
          <reporter-output>
          </reporter-output>
        </test-method> <!-- beforeMethod -->
        <test-method signature="f()[pri:0, instance:tests.NewTest@78b1cc93]" started-at="2020-04-09T20:15:59 EDT" name="f" finished-at="2020-04-09T20:16:26 EDT" duration-ms="26934" status="PASS">
          <reporter-output>
          </reporter-output>
        </test-method> <!-- f -->
        <test-method is-config="true" signature="afterMethod()[pri:0, instance:tests.NewTest@78b1cc93]" started-at="2020-04-09T20:16:26 EDT" name="afterMethod" finished-at="2020-04-09T20:16:26 EDT" duration-ms="0" status="PASS">
          <reporter-output>
          </reporter-output>
        </test-method> <!-- afterMethod -->
        <test-method is-config="true" signature="afterClass()[pri:0, instance:tests.NewTest@78b1cc93]" started-at="2020-04-09T20:16:26 EDT" name="afterClass" finished-at="2020-04-09T20:16:26 EDT" duration-ms="0" status="PASS">
          <reporter-output>
          </reporter-output>
        </test-method> <!-- afterClass -->
      </class> <!-- tests.NewTest -->
    </test> <!-- Default test -->
  </suite> <!-- Default suite -->
</testng-results>
